<?xml version="1.0" encoding="utf-8"?><testsuites name="pytest tests"><testsuite name="pytest" errors="0" failures="0" skipped="0" tests="30" time="8.596" timestamp="2026-09-13T11:59:39.448691+00:00" hostname="agent-env-a861c3d4-c140-46a1-a3be-ae96f6dded4c"><testcase classname="tests.test_accounts.TestRoulette" name="test_spin_valid_bet" time="0.779" /><testcase classname="tests.test_accounts.TestAuth" name="test_register_and_me" time="0.780" /><testcase classname="tests.test_accounts.TestRoulette" name="test_spin_number_bet" time="0.605" /><testcase classname="tests.test_accounts.TestAuth" name="test_register_duplicate" time="0.959" /><testcase classname="tests.test_accounts.TestAuth" name="test_register_bad_username" time="0.445" /><testcase classname="tests.test_accounts.TestRoulette" name="test_spin_bet_too_low" time="0.419" /><testcase classname="tests.test_accounts.TestRoulette" name="test_spin_bet_too_high" time="0.447" /><testcase classname="tests.test_accounts.TestAuth" name="test_register_short_password" time="0.158" /><testcase classname="tests.test_accounts.TestAuth" name="test_login_wrong_password" time="0.532" /><testcase classname="tests.test_accounts.TestRoulette" name="test_spin_bad_bet_type" time="0.619" /><testcase classname="tests.test_accounts.TestAuth" name="test_me_requires_auth" time="0.111" /><testcase classname="tests.test_accounts.TestRoulette" name="test_spin_number_missing" time="0.616" /><testcase classname="tests.test_accounts.TestAuth" name="test_login_seed_account" time="0.503" /><testcase classname="tests.test_accounts.TestShop" name="test_list_shop" time="0.353" /><testcase classname="tests.test_accounts.TestRoulette" name="test_spin_insufficient_coins" time="0.408" /><testcase classname="tests.test_accounts.TestRoulette" name="test_spin_requires_auth" time="0.277" /><testcase classname="tests.test_accounts.TestShop" name="test_buy_and_equip" time="0.681" /><testcase classname="tests.test_accounts.TestDecks" name="test_deck_crud" time="1.113" /><testcase classname="tests.test_accounts.TestShop" name="test_buy_insufficient" time="0.409" /><testcase classname="tests.test_accounts.TestShop" name="test_buy_unknown_item" time="0.429" /><testcase classname="tests.test_accounts.TestDecks" name="test_deck_isolation" time="1.387" /><testcase classname="tests.test_accounts.TestShop" name="test_equip_not_owned" time="0.798" /><testcase classname="tests.test_accounts.TestShop" name="test_equip_free_item" time="0.443" /><testcase classname="tests.test_accounts.TestShop" name="test_shop_requires_auth" time="0.110" /><testcase classname="tests.test_accounts.TestDecks" name="test_decks_requires_auth" time="0.114" /><testcase classname="tests.test_accounts.TestDailyCoins" name="test_claim_daily_flow" time="0.623" /><testcase classname="tests.test_accounts.TestScoresCoins" name="test_score_awards_coins_when_logged_in" time="0.603" /><testcase classname="tests.test_accounts.TestDailyCoins" name="test_daily_requires_auth" time="0.128" /><testcase classname="tests.test_accounts.TestScoresCoins" name="test_score_coin_cap" time="0.433" /><testcase classname="tests.test_accounts.TestScoresCoins" name="test_score_anon" time="0.142" /></testsuite></testsuites>