<?xml version="1.0" encoding="utf-8"?><testsuites name="pytest tests"><testsuite name="pytest" errors="0" failures="0" skipped="0" tests="10" time="2.818" timestamp="2026-09-13T11:22:43.128812+00:00" hostname="agent-env-a861c3d4-c140-46a1-a3be-ae96f6dded4c"><testcase classname="tests.backend_test.TestGuestbook" name="test_create_and_persist" time="0.545" /><testcase classname="tests.backend_test.TestAI" name="test_history_empty" time="0.208" /><testcase classname="tests.backend_test.TestAI" name="test_chat_streaming" time="1.702" /><testcase classname="tests.backend_test.TestGuestbook" name="test_profanity_filter" time="0.137" /><testcase classname="tests.backend_test.TestGuestbook" name="test_empty_message" time="0.130" /><testcase classname="tests.backend_test" name="test_root" time="0.120" /><testcase classname="tests.backend_test.TestWall" name="test_create_and_persist" time="0.270" /><testcase classname="tests.backend_test.TestAI" name="test_chat_empty_message" time="0.123" /><testcase classname="tests.backend_test.TestVisits" name="test_count" time="0.107" /><testcase classname="tests.backend_test.TestVisits" name="test_hit_increments" time="0.185" /></testsuite></testsuites>