<?xml version="1.0" encoding="utf-8"?><testsuites name="pytest tests"><testsuite name="pytest" errors="0" failures="0" skipped="0" tests="13" time="3.093" timestamp="2026-09-13T11:36:46.802786+00:00" hostname="agent-env-a861c3d4-c140-46a1-a3be-ae96f6dded4c"><testcase classname="tests.backend_test.TestGuestbook" name="test_create_and_persist" time="0.289" /><testcase classname="tests.backend_test.TestAI" name="test_history_empty" time="0.227" /><testcase classname="tests.backend_test.TestAI" name="test_chat_streaming" time="1.765" /><testcase classname="tests.backend_test.TestGuestbook" name="test_profanity_filter" time="0.301" /><testcase classname="tests.backend_test.TestGuestbook" name="test_empty_message" time="0.169" /><testcase classname="tests.backend_test.TestVisits" name="test_count" time="0.149" /><testcase classname="tests.backend_test.TestVisits" name="test_hit_increments" time="0.201" /><testcase classname="tests.backend_test" name="test_root" time="0.196" /><testcase classname="tests.backend_test.TestWall" name="test_create_and_persist" time="0.169" /><testcase classname="tests.backend_test.TestAI" name="test_chat_empty_message" time="0.116" /><testcase classname="tests.backend_test.TestScores" name="test_create_and_list_sorted" time="0.242" /><testcase classname="tests.backend_test.TestScores" name="test_profanity_censored_in_handle" time="0.113" /><testcase classname="tests.backend_test.TestScores" name="test_other_game_isolated" time="0.150" /></testsuite></testsuites>