<?xml version="1.0" encoding="utf-8"?><testsuites name="pytest tests"><testsuite name="pytest" errors="0" failures="0" skipped="0" tests="12" time="4.221" timestamp="2026-09-13T12:25:37.343708+00:00" hostname="agent-env-a861c3d4-c140-46a1-a3be-ae96f6dded4c"><testcase classname="tests.test_codes.TestPapayaShopVisibility" name="test_hidden_for_logged_out" time="0.224" /><testcase classname="tests.test_codes.TestCodes" name="test_metchog_grants_1000" time="0.706" /><testcase classname="tests.test_codes.TestPapayaShopVisibility" name="test_hidden_for_fresh_account" time="0.549" /><testcase classname="tests.test_codes.TestCodes" name="test_edward_grants_100" time="0.567" /><testcase classname="tests.test_codes.TestPapayaShopVisibility" name="test_visible_after_redeem_and_free" time="0.837" /><testcase classname="tests.test_codes.TestCodes" name="test_admin11_grants_90000" time="0.836" /><testcase classname="tests.test_codes.TestPapayaShopVisibility" name="test_equip_papaya_after_redeem" time="0.465" /><testcase classname="tests.test_codes.TestPapayaShopVisibility" name="test_cannot_equip_papaya_without_redeem" time="0.585" /><testcase classname="tests.test_codes.TestCodes" name="test_piastri_unlocks_papaya" time="0.615" /><testcase classname="tests.test_codes.TestCodes" name="test_reuse_returns_400" time="0.485" /><testcase classname="tests.test_codes.TestCodes" name="test_unknown_code_returns_404" time="0.427" /><testcase classname="tests.test_codes.TestCodes" name="test_redeem_requires_auth" time="0.113" /></testsuite></testsuites>